<?xml version="1.0" encoding="UTF-8"?>
<testng-results skipped="0" failed="0" total="1" passed="1">
  <reporter-output>
  </reporter-output>
  <suite name="Default suite" duration-ms="29093" started-at="2021-12-21T16:55:16Z" finished-at="2021-12-21T16:55:45Z">
    <groups>
    </groups>
    <test name="Default test" duration-ms="29093" started-at="2021-12-21T16:55:16Z" finished-at="2021-12-21T16:55:45Z">
      <class name="TestCases.test_login">
        <test-method status="PASS" signature="LoginTest()[pri:0, instance:TestCases.test_login@59d016c9]" name="LoginTest" duration-ms="29064" started-at="2021-12-21T22:25:16Z" finished-at="2021-12-21T22:25:45Z">
          <reporter-output>
          </reporter-output>
        </test-method> <!-- LoginTest -->
      </class> <!-- TestCases.test_login -->
    </test> <!-- Default test -->
  </suite> <!-- Default suite -->
</testng-results>
